mode: set
gitlab.com/slon/shad-go/tabletest/parse_duration.go:13.60,15.24 2 1
gitlab.com/slon/shad-go/tabletest/parse_duration.go:15.24,17.25 2 1
gitlab.com/slon/shad-go/tabletest/parse_duration.go:17.25,18.9 1 1
gitlab.com/slon/shad-go/tabletest/parse_duration.go:20.3,20.23 1 1
gitlab.com/slon/shad-go/tabletest/parse_duration.go:20.23,23.4 1 1
gitlab.com/slon/shad-go/tabletest/parse_duration.go:24.3,25.12 2 1
gitlab.com/slon/shad-go/tabletest/parse_duration.go:25.12,28.4 1 1
gitlab.com/slon/shad-go/tabletest/parse_duration.go:30.2,30.22 1 1
gitlab.com/slon/shad-go/tabletest/parse_duration.go:36.69,40.24 4 1
gitlab.com/slon/shad-go/tabletest/parse_duration.go:40.24,42.25 2 1
gitlab.com/slon/shad-go/tabletest/parse_duration.go:42.25,43.9 1 1
gitlab.com/slon/shad-go/tabletest/parse_duration.go:45.3,45.15 1 1
gitlab.com/slon/shad-go/tabletest/parse_duration.go:45.15,46.12 1 0
gitlab.com/slon/shad-go/tabletest/parse_duration.go:48.3,48.23 1 1
gitlab.com/slon/shad-go/tabletest/parse_duration.go:48.23,51.12 2 1
gitlab.com/slon/shad-go/tabletest/parse_duration.go:53.3,54.12 2 1
gitlab.com/slon/shad-go/tabletest/parse_duration.go:54.12,56.12 2 1
gitlab.com/slon/shad-go/tabletest/parse_duration.go:58.3,59.14 2 1
gitlab.com/slon/shad-go/tabletest/parse_duration.go:61.2,61.24 1 1
gitlab.com/slon/shad-go/tabletest/parse_duration.go:80.53,87.13 4 1
gitlab.com/slon/shad-go/tabletest/parse_duration.go:87.13,89.27 2 1
gitlab.com/slon/shad-go/tabletest/parse_duration.go:89.27,92.4 2 1
gitlab.com/slon/shad-go/tabletest/parse_duration.go:95.2,95.14 1 1
gitlab.com/slon/shad-go/tabletest/parse_duration.go:95.14,97.3 1 1
gitlab.com/slon/shad-go/tabletest/parse_duration.go:98.2,98.13 1 1
gitlab.com/slon/shad-go/tabletest/parse_duration.go:98.13,100.3 1 0
gitlab.com/slon/shad-go/tabletest/parse_duration.go:101.2,101.14 1 1
gitlab.com/slon/shad-go/tabletest/parse_duration.go:101.14,110.51 3 1
gitlab.com/slon/shad-go/tabletest/parse_duration.go:110.51,112.4 1 1
gitlab.com/slon/shad-go/tabletest/parse_duration.go:114.3,116.17 3 1
gitlab.com/slon/shad-go/tabletest/parse_duration.go:116.17,118.4 1 1
gitlab.com/slon/shad-go/tabletest/parse_duration.go:119.3,123.29 3 1
gitlab.com/slon/shad-go/tabletest/parse_duration.go:123.29,128.4 4 1
gitlab.com/slon/shad-go/tabletest/parse_duration.go:129.3,129.20 1 1
gitlab.com/slon/shad-go/tabletest/parse_duration.go:129.20,132.4 1 0
gitlab.com/slon/shad-go/tabletest/parse_duration.go:135.3,136.25 2 1
gitlab.com/slon/shad-go/tabletest/parse_duration.go:136.25,138.40 2 1
gitlab.com/slon/shad-go/tabletest/parse_duration.go:138.40,139.10 1 1
gitlab.com/slon/shad-go/tabletest/parse_duration.go:142.3,142.13 1 1
gitlab.com/slon/shad-go/tabletest/parse_duration.go:142.13,144.4 1 1
gitlab.com/slon/shad-go/tabletest/parse_duration.go:145.3,148.10 4 1
gitlab.com/slon/shad-go/tabletest/parse_duration.go:148.10,150.4 1 1
gitlab.com/slon/shad-go/tabletest/parse_duration.go:151.3,151.25 1 1
gitlab.com/slon/shad-go/tabletest/parse_duration.go:151.25,154.4 1 1
gitlab.com/slon/shad-go/tabletest/parse_duration.go:155.3,156.12 2 1
gitlab.com/slon/shad-go/tabletest/parse_duration.go:156.12,160.13 2 1
gitlab.com/slon/shad-go/tabletest/parse_duration.go:160.13,163.5 1 0
gitlab.com/slon/shad-go/tabletest/parse_duration.go:165.3,166.12 2 1
gitlab.com/slon/shad-go/tabletest/parse_duration.go:166.12,169.4 1 0
gitlab.com/slon/shad-go/tabletest/parse_duration.go:172.2,172.9 1 1
gitlab.com/slon/shad-go/tabletest/parse_duration.go:172.9,174.3 1 1
gitlab.com/slon/shad-go/tabletest/parse_duration.go:175.2,175.30 1 1
